<?xml version="1.0" encoding="UTF-8" ?>
<testsuite tests="8" failures="0" name="com.longestwords.LengthyWordCounterTest" time="0.756" errors="0" skipped="0">
  <properties>
[...]
</properties>
  <testcase classname="com.longestwords.LengthyWordCounterTest" name="testMaxLengthWordCounterDInput[0]" time="0.729"/>
  <testcase classname="com.longestwords.LengthyWordCounterTest" name="testMaxLengthWordCounterDInput[1]" time="0.001"/>
  <testcase classname="com.longestwords.LengthyWordCounterTest" name="testMaxLengthWordCounterDInput[2]" time="0.005"/>
  <testcase classname="com.longestwords.LengthyWordCounterTest" name="testMaxLengthWordCounterDInput[3]" time="0.002"/>
  <testcase classname="com.longestwords.LengthyWordCounterTest" name="testMaxLengthWordCounterDInput[4]" time="0.004"/>
  <testcase classname="com.longestwords.LengthyWordCounterTest" name="testMaxLengthWordCounterDInput[5]" time="0.004"/>
  <testcase classname="com.longestwords.LengthyWordCounterTest" name="testMaxLengthWordCounterDInput[6]" time="0.004"/>
  <testcase classname="com.longestwords.LengthyWordCounterTest" name="testMaxLengthWordCounterDInput[7]" time="0.007"/>
</testsuite>